info: CryptoApp.Infrastructure.Services.CryptoPriceUpdateService[0]
      Performing initial price load
warn: Microsoft.EntityFrameworkCore.Model.Validation[10400]
      Sensitive data logging is enabled. Log entries and exception messages may include sensitive application data; this mode should only be enabled during development.
warn: Microsoft.EntityFrameworkCore.Model.Validation[30000]
      No store type was specified for the decimal property 'PurchasePrice' on entity type 'Holding'. This will cause values to be silently truncated if they do not fit in the default precision and scale. Explicitly specify the SQL server column type that can accommodate all the values in 'OnModelCreating' using 'HasColumnType', specify precision and scale using 'HasPrecision', or configure a value converter using 'HasConversion'.
info: Microsoft.Hosting.Lifetime[0]
      Application started. Press Ctrl+C to shut down.
info: Microsoft.Hosting.Lifetime[0]
      Hosting environment: Development
info: Microsoft.Hosting.Lifetime[0]
      Content root path: C:\Users\dimit\source\repos\CryptoApplicationbezUs\CryptoApplication\CryptoApp.Web
info: Microsoft.EntityFrameworkCore.Database.Command[20101]
      Executed DbCommand (122ms) [Parameters=[], CommandType='Text', CommandTimeout='30']
      SELECT [c].[Id], [c].[CoinGeckoId], [c].[CreatedAt], [c].[CurrentPrice], [c].[Name], [c].[Symbol], [c].[UpdatedAt]
      FROM [Cryptocurrencies] AS [c]
info: System.Net.Http.HttpClient.ICryptoFetchService.LogicalHandler[100]
      Start processing HTTP request GET https://api.coingecko.com/api/v3/simple/price?*
info: System.Net.Http.HttpClient.ICryptoFetchService.ClientHandler[100]
      Sending HTTP request GET https://api.coingecko.com/api/v3/simple/price?*
info: Microsoft.EntityFrameworkCore.Database.Command[20101]
      Executed DbCommand (109ms) [Parameters=[], CommandType='Text', CommandTimeout='30']
      SELECT [c].[Id], [c].[CoinGeckoId], [c].[CreatedAt], [c].[CurrentPrice], [c].[Name], [c].[Symbol], [c].[UpdatedAt]
      FROM [Cryptocurrencies] AS [c]
info: System.Net.Http.HttpClient.ICryptoFetchService.ClientHandler[101]
      Received HTTP response headers after 701.5152ms - 200
info: System.Net.Http.HttpClient.ICryptoFetchService.LogicalHandler[101]
      End processing HTTP request after 743.142ms - 200
info: CryptoApp.Infrastructure.Services.CryptoPriceCacheService[0]
      Refreshed prices for 8 coins
info: CryptoApp.Infrastructure.Services.CryptoPriceUpdateService[0]
      Completed price update cycle for 8 cryptocurrencies
info: CryptoApp.Infrastructure.Services.CryptoPriceUpdateService[0]
      Initial price load completed
info: CryptoApp.Infrastructure.Services.CryptoPriceUpdateService[0]
      Starting scheduled price update cycle
info: Microsoft.EntityFrameworkCore.Database.Command[20101]
      Executed DbCommand (136ms) [Parameters=[], CommandType='Text', CommandTimeout='30']
      SELECT [c].[Id], [c].[CoinGeckoId], [c].[CreatedAt], [c].[CurrentPrice], [c].[Name], [c].[Symbol], [c].[UpdatedAt]
      FROM [Cryptocurrencies] AS [c]
info: CryptoApp.Infrastructure.Services.CryptoPriceUpdateService[0]
      Completed price update cycle for 8 cryptocurrencies
info: CryptoApp.Infrastructure.Services.CryptoPriceUpdateService[0]
      Price update cycle completed
info: Microsoft.EntityFrameworkCore.Database.Command[20101]
      Executed DbCommand (137ms) [Parameters=[@__normalizedUserName_0='DIMITAR2003SR@GMAIL.COM' (Size = 256)], CommandType='Text', CommandTimeout='30']
      SELECT TOP(1) [a].[Id], [a].[AccessFailedCount], [a].[Address], [a].[ConcurrencyStamp], [a].[Email], [a].[EmailConfirmed], [a].[FirstName], [a].[LastName], [a].[LockoutEnabled], [a].[LockoutEnd], [a].[NormalizedEmail], [a].[NormalizedUserName], [a].[PasswordHash], [a].[PhoneNumber], [a].[PhoneNumberConfirmed], [a].[SecurityStamp], [a].[TwoFactorEnabled], [a].[UserName]
      FROM [AspNetUsers] AS [a]
      WHERE [a].[NormalizedUserName] = @__normalizedUserName_0
info: Microsoft.EntityFrameworkCore.Database.Command[20101]
      Executed DbCommand (86ms) [Parameters=[@__user_Id_0='fad40c8a-24c2-43c0-afd2-eb67800160dd' (Size = 450)], CommandType='Text', CommandTimeout='30']
      SELECT [a].[Id], [a].[ClaimType], [a].[ClaimValue], [a].[UserId]
      FROM [AspNetUserClaims] AS [a]
      WHERE [a].[UserId] = @__user_Id_0
info: Microsoft.EntityFrameworkCore.Database.Command[20101]
      Executed DbCommand (95ms) [Parameters=[@__userId_0='fad40c8a-24c2-43c0-afd2-eb67800160dd' (Size = 450)], CommandType='Text', CommandTimeout='30']
      SELECT [a0].[Name]
      FROM [AspNetUserRoles] AS [a]
      INNER JOIN [AspNetRoles] AS [a0] ON [a].[RoleId] = [a0].[Id]
      WHERE [a].[UserId] = @__userId_0
info: CryptoApp.Web.Pages.Account.LoginModel[0]
      User logged in.
info: Microsoft.EntityFrameworkCore.Database.Command[20101]
      Executed DbCommand (79ms) [Parameters=[], CommandType='Text', CommandTimeout='30']
      SELECT [c].[Id], [c].[CoinGeckoId], [c].[CreatedAt], [c].[CurrentPrice], [c].[Name], [c].[Symbol], [c].[UpdatedAt]
      FROM [Cryptocurrencies] AS [c]
info: Microsoft.EntityFrameworkCore.Database.Command[20101]
      Executed DbCommand (89ms) [Parameters=[@__p_0='fad40c8a-24c2-43c0-afd2-eb67800160dd' (Size = 450)], CommandType='Text', CommandTimeout='30']
      SELECT TOP(1) [a].[Id], [a].[AccessFailedCount], [a].[Address], [a].[ConcurrencyStamp], [a].[Email], [a].[EmailConfirmed], [a].[FirstName], [a].[LastName], [a].[LockoutEnabled], [a].[LockoutEnd], [a].[NormalizedEmail], [a].[NormalizedUserName], [a].[PasswordHash], [a].[PhoneNumber], [a].[PhoneNumberConfirmed], [a].[SecurityStamp], [a].[TwoFactorEnabled], [a].[UserName]
      FROM [AspNetUsers] AS [a]
      WHERE [a].[Id] = @__p_0
info: Microsoft.EntityFrameworkCore.Database.Command[20101]
      Executed DbCommand (123ms) [Parameters=[], CommandType='Text', CommandTimeout='30']
      SELECT [c].[Id], [c].[CoinGeckoId], [c].[CreatedAt], [c].[CurrentPrice], [c].[Name], [c].[Symbol], [c].[UpdatedAt]
      FROM [Cryptocurrencies] AS [c]
info: Microsoft.EntityFrameworkCore.Database.Command[20101]
      Executed DbCommand (107ms) [Parameters=[@__p_0='fad40c8a-24c2-43c0-afd2-eb67800160dd' (Size = 450)], CommandType='Text', CommandTimeout='30']
      SELECT TOP(1) [a].[Id], [a].[AccessFailedCount], [a].[Address], [a].[ConcurrencyStamp], [a].[Email], [a].[EmailConfirmed], [a].[FirstName], [a].[LastName], [a].[LockoutEnabled], [a].[LockoutEnd], [a].[NormalizedEmail], [a].[NormalizedUserName], [a].[PasswordHash], [a].[PhoneNumber], [a].[PhoneNumberConfirmed], [a].[SecurityStamp], [a].[TwoFactorEnabled], [a].[UserName]
      FROM [AspNetUsers] AS [a]
      WHERE [a].[Id] = @__p_0
info: Microsoft.EntityFrameworkCore.Database.Command[20101]
      Executed DbCommand (113ms) [Parameters=[], CommandType='Text', CommandTimeout='30']
      SELECT [c].[Id], [c].[CoinGeckoId], [c].[CreatedAt], [c].[CurrentPrice], [c].[Name], [c].[Symbol], [c].[UpdatedAt]
      FROM [Cryptocurrencies] AS [c]
info: Microsoft.EntityFrameworkCore.Database.Command[20101]
      Executed DbCommand (81ms) [Parameters=[@__p_0='fad40c8a-24c2-43c0-afd2-eb67800160dd' (Size = 450)], CommandType='Text', CommandTimeout='30']
      SELECT TOP(1) [a].[Id], [a].[AccessFailedCount], [a].[Address], [a].[ConcurrencyStamp], [a].[Email], [a].[EmailConfirmed], [a].[FirstName], [a].[LastName], [a].[LockoutEnabled], [a].[LockoutEnd], [a].[NormalizedEmail], [a].[NormalizedUserName], [a].[PasswordHash], [a].[PhoneNumber], [a].[PhoneNumberConfirmed], [a].[SecurityStamp], [a].[TwoFactorEnabled], [a].[UserName]
      FROM [AspNetUsers] AS [a]
      WHERE [a].[Id] = @__p_0
info: Microsoft.EntityFrameworkCore.Database.Command[20101]
      Executed DbCommand (121ms) [Parameters=[], CommandType='Text', CommandTimeout='30']
      SELECT [c].[Id], [c].[CoinGeckoId], [c].[CreatedAt], [c].[CurrentPrice], [c].[Name], [c].[Symbol], [c].[UpdatedAt]
      FROM [Cryptocurrencies] AS [c]
info: Microsoft.EntityFrameworkCore.Database.Command[20101]
      Executed DbCommand (78ms) [Parameters=[@__p_0='fad40c8a-24c2-43c0-afd2-eb67800160dd' (Size = 450)], CommandType='Text', CommandTimeout='30']
      SELECT TOP(1) [a].[Id], [a].[AccessFailedCount], [a].[Address], [a].[ConcurrencyStamp], [a].[Email], [a].[EmailConfirmed], [a].[FirstName], [a].[LastName], [a].[LockoutEnabled], [a].[LockoutEnd], [a].[NormalizedEmail], [a].[NormalizedUserName], [a].[PasswordHash], [a].[PhoneNumber], [a].[PhoneNumberConfirmed], [a].[SecurityStamp], [a].[TwoFactorEnabled], [a].[UserName]
      FROM [AspNetUsers] AS [a]
      WHERE [a].[Id] = @__p_0
info: Microsoft.EntityFrameworkCore.Database.Command[20101]
      Executed DbCommand (120ms) [Parameters=[], CommandType='Text', CommandTimeout='30']
      SELECT [c].[Id], [c].[CoinGeckoId], [c].[CreatedAt], [c].[CurrentPrice], [c].[Name], [c].[Symbol], [c].[UpdatedAt]
      FROM [Cryptocurrencies] AS [c]
info: Microsoft.EntityFrameworkCore.Database.Command[20101]
      Executed DbCommand (87ms) [Parameters=[@__p_0='fad40c8a-24c2-43c0-afd2-eb67800160dd' (Size = 450)], CommandType='Text', CommandTimeout='30']
      SELECT TOP(1) [a].[Id], [a].[AccessFailedCount], [a].[Address], [a].[ConcurrencyStamp], [a].[Email], [a].[EmailConfirmed], [a].[FirstName], [a].[LastName], [a].[LockoutEnabled], [a].[LockoutEnd], [a].[NormalizedEmail], [a].[NormalizedUserName], [a].[PasswordHash], [a].[PhoneNumber], [a].[PhoneNumberConfirmed], [a].[SecurityStamp], [a].[TwoFactorEnabled], [a].[UserName]
      FROM [AspNetUsers] AS [a]
      WHERE [a].[Id] = @__p_0
info: Microsoft.EntityFrameworkCore.Database.Command[20101]
      Executed DbCommand (143ms) [Parameters=[], CommandType='Text', CommandTimeout='30']
      SELECT [c].[Id], [c].[CoinGeckoId], [c].[CreatedAt], [c].[CurrentPrice], [c].[Name], [c].[Symbol], [c].[UpdatedAt]
      FROM [Cryptocurrencies] AS [c]
info: Microsoft.EntityFrameworkCore.Database.Command[20101]
      Executed DbCommand (115ms) [Parameters=[@__p_0='fad40c8a-24c2-43c0-afd2-eb67800160dd' (Size = 450)], CommandType='Text', CommandTimeout='30']
      SELECT TOP(1) [a].[Id], [a].[AccessFailedCount], [a].[Address], [a].[ConcurrencyStamp], [a].[Email], [a].[EmailConfirmed], [a].[FirstName], [a].[LastName], [a].[LockoutEnabled], [a].[LockoutEnd], [a].[NormalizedEmail], [a].[NormalizedUserName], [a].[PasswordHash], [a].[PhoneNumber], [a].[PhoneNumberConfirmed], [a].[SecurityStamp], [a].[TwoFactorEnabled], [a].[UserName]
      FROM [AspNetUsers] AS [a]
      WHERE [a].[Id] = @__p_0
info: Microsoft.EntityFrameworkCore.Database.Command[20101]
      Executed DbCommand (102ms) [Parameters=[], CommandType='Text', CommandTimeout='30']
      SELECT [c].[Id], [c].[CoinGeckoId], [c].[CreatedAt], [c].[CurrentPrice], [c].[Name], [c].[Symbol], [c].[UpdatedAt]
      FROM [Cryptocurrencies] AS [c]
info: Microsoft.EntityFrameworkCore.Database.Command[20101]
      Executed DbCommand (86ms) [Parameters=[@__p_0='fad40c8a-24c2-43c0-afd2-eb67800160dd' (Size = 450)], CommandType='Text', CommandTimeout='30']
      SELECT TOP(1) [a].[Id], [a].[AccessFailedCount], [a].[Address], [a].[ConcurrencyStamp], [a].[Email], [a].[EmailConfirmed], [a].[FirstName], [a].[LastName], [a].[LockoutEnabled], [a].[LockoutEnd], [a].[NormalizedEmail], [a].[NormalizedUserName], [a].[PasswordHash], [a].[PhoneNumber], [a].[PhoneNumberConfirmed], [a].[SecurityStamp], [a].[TwoFactorEnabled], [a].[UserName]
      FROM [AspNetUsers] AS [a]
      WHERE [a].[Id] = @__p_0
info: Microsoft.EntityFrameworkCore.Database.Command[20101]
      Executed DbCommand (125ms) [Parameters=[], CommandType='Text', CommandTimeout='30']
      SELECT [c].[Id], [c].[CoinGeckoId], [c].[CreatedAt], [c].[CurrentPrice], [c].[Name], [c].[Symbol], [c].[UpdatedAt]
      FROM [Cryptocurrencies] AS [c]
info: Microsoft.EntityFrameworkCore.Database.Command[20101]
      Executed DbCommand (77ms) [Parameters=[@__p_0='fad40c8a-24c2-43c0-afd2-eb67800160dd' (Size = 450)], CommandType='Text', CommandTimeout='30']
      SELECT TOP(1) [a].[Id], [a].[AccessFailedCount], [a].[Address], [a].[ConcurrencyStamp], [a].[Email], [a].[EmailConfirmed], [a].[FirstName], [a].[LastName], [a].[LockoutEnabled], [a].[LockoutEnd], [a].[NormalizedEmail], [a].[NormalizedUserName], [a].[PasswordHash], [a].[PhoneNumber